<?xml version="1.0" encoding="UTF-8"?>
<!-- Generated by org.testng.reporters.JUnitXMLReporter -->
<testsuite hostname="Saikiran-PC" ignored="0" name="Default test" tests="3" failures="0" timestamp="2020-04-10T01:27:59 CST" time="0.175" errors="0">
  <testcase name="ApiCarloan" time="0.031" classname="Actions.selenium.day4"/>
  <testcase name="MobileLoginCarLon" time="0.015" classname="Actions.selenium.day4"/>
  <testcase name="WebloginCarLone" time="0.0" classname="Actions.selenium.day4"/>
</testsuite> <!-- Default test -->
