<?xml version="1.0" encoding="UTF-8"?>
<!-- Generated by org.testng.reporters.JUnitXMLReporter -->
<testsuite hostname="Saikiran-PC" ignored="0" name="Test" tests="6" failures="0" timestamp="2020-04-10T00:33:15 CST" time="0.189" errors="0">
  <testcase name="ApiCarloan" time="0.027" classname="Actions.selenium.day3"/>
  <testcase name="MobileLoginCarLon" time="0.005" classname="Actions.selenium.day3"/>
  <testcase name="WebloginCarLone" time="0.008" classname="Actions.selenium.day3"/>
  <testcase name="ApiCarloan" time="0.003" classname="Actions.selenium.day4"/>
  <testcase name="MobileLoginCarLon" time="0.004" classname="Actions.selenium.day4"/>
  <testcase name="WebloginCarLone" time="0.004" classname="Actions.selenium.day4"/>
</testsuite> <!-- Test -->
