<?xml version="1.0" encoding="UTF-8"?>
<testng-results skipped="0" failed="0" ignored="0" total="3" passed="3">
  <reporter-output>
  </reporter-output>
  <suite name="Default suite" duration-ms="175" started-at="2020-04-10T01:27:58 CST" finished-at="2020-04-10T01:27:59 CST">
    <groups>
    </groups>
    <test name="Default test" duration-ms="175" started-at="2020-04-10T01:27:58 CST" finished-at="2020-04-10T01:27:59 CST">
      <class name="Actions.selenium.day4">
        <test-method status="PASS" signature="ApiCarloan()[pri:0, instance:Actions.selenium.day4@3b084709]" name="ApiCarloan" duration-ms="31" started-at="2020-04-10T01:27:59 CST" finished-at="2020-04-10T01:27:59 CST">
          <reporter-output>
          </reporter-output>
        </test-method> <!-- ApiCarloan -->
        <test-method status="PASS" signature="MobileLoginCarLon()[pri:0, instance:Actions.selenium.day4@3b084709]" name="MobileLoginCarLon" duration-ms="15" started-at="2020-04-10T01:27:59 CST" finished-at="2020-04-10T01:27:59 CST">
          <reporter-output>
          </reporter-output>
        </test-method> <!-- MobileLoginCarLon -->
        <test-method status="PASS" signature="WebloginCarLone()[pri:0, instance:Actions.selenium.day4@3b084709]" name="WebloginCarLone" duration-ms="0" started-at="2020-04-10T01:27:59 CST" finished-at="2020-04-10T01:27:59 CST">
          <reporter-output>
          </reporter-output>
        </test-method> <!-- WebloginCarLone -->
      </class> <!-- Actions.selenium.day4 -->
    </test> <!-- Default test -->
  </suite> <!-- Default suite -->
</testng-results>
